<?xml version="1.0" encoding="UTF-8"?>
<!-- Generated by org.testng.reporters.JUnitXMLReporter -->
<testsuite ignored="0" hostname="sanjana43" failures="0" tests="3" name="Test" time="109.621" errors="0" timestamp="2025-09-08T14:36:29 IST">
  <testcase classname="GreenKart.Tests.NegativeTest" name="getMessageOfTerms" time="32.838"/>
  <testcase classname="GreenKart.Tests.NegativeTest" name="withInvalidCode" time="9.211"/>
  <testcase classname="GreenKart.Tests.NegativeTest" name="wrongMsg" time="23.82"/>
</testsuite> <!-- Test -->
