<?xml version="1.0" encoding="UTF-8"?>
<testng-results ignored="0" total="5" passed="5" failed="0" skipped="0">
  <reporter-output>
  </reporter-output>
  <suite started-at="2025-09-08T14:34:40 IST" name="smoke" finished-at="2025-09-08T14:36:29 IST" duration-ms="109621">
    <groups>
      <group name="regression">
        <method signature="NegativeTest.wrongMsg()[pri:0, instance:GreenKart.Tests.NegativeTest@60f00693]" name="wrongMsg" class="GreenKart.Tests.NegativeTest"/>
      </group> <!-- regression -->
    </groups>
    <test started-at="2025-09-08T14:34:40 IST" name="Test1" finished-at="2025-09-08T14:35:36 IST" duration-ms="55978">
      <class name="GreenKart.Tests.HomePageTest">
        <test-method is-config="true" signature="trigger()[pri:0, instance:GreenKart.Tests.HomePageTest@461ad730]" started-at="2025-09-08T14:34:40 IST" name="trigger" finished-at="2025-09-08T14:34:50 IST" duration-ms="10213" status="PASS">
          <reporter-output>
          </reporter-output>
        </test-method> <!-- trigger -->
        <test-method signature="addVegToCart()[pri:0, instance:GreenKart.Tests.HomePageTest@461ad730]" started-at="2025-09-08T14:34:50 IST" name="addVegToCart" finished-at="2025-09-08T14:35:19 IST" duration-ms="29213" status="PASS">
          <reporter-output>
          </reporter-output>
        </test-method> <!-- addVegToCart -->
        <test-method is-config="true" signature="tearDown()[pri:0, instance:GreenKart.Tests.HomePageTest@461ad730]" started-at="2025-09-08T14:35:19 IST" name="tearDown" finished-at="2025-09-08T14:35:20 IST" duration-ms="355" status="PASS">
          <reporter-output>
          </reporter-output>
        </test-method> <!-- tearDown -->
        <test-method is-config="true" signature="trigger()[pri:0, instance:GreenKart.Tests.HomePageTest@461ad730]" started-at="2025-09-08T14:35:20 IST" name="trigger" finished-at="2025-09-08T14:35:26 IST" duration-ms="6387" status="PASS">
          <reporter-output>
          </reporter-output>
        </test-method> <!-- trigger -->
        <test-method signature="withValidCode()[pri:0, instance:GreenKart.Tests.HomePageTest@461ad730]" started-at="2025-09-08T14:35:26 IST" name="withValidCode" finished-at="2025-09-08T14:35:35 IST" duration-ms="8728" status="PASS">
          <reporter-output>
          </reporter-output>
        </test-method> <!-- withValidCode -->
        <test-method is-config="true" signature="tearDown()[pri:0, instance:GreenKart.Tests.HomePageTest@461ad730]" started-at="2025-09-08T14:35:35 IST" name="tearDown" finished-at="2025-09-08T14:35:36 IST" duration-ms="1015" status="PASS">
          <reporter-output>
          </reporter-output>
        </test-method> <!-- tearDown -->
      </class> <!-- GreenKart.Tests.HomePageTest -->
    </test> <!-- Test1 -->
    <test started-at="2025-09-08T14:34:40 IST" name="Test" finished-at="2025-09-08T14:36:29 IST" duration-ms="109621">
      <class name="GreenKart.Tests.NegativeTest">
        <test-method is-config="true" signature="trigger()[pri:0, instance:GreenKart.Tests.NegativeTest@60f00693]" started-at="2025-09-08T14:34:40 IST" name="trigger" finished-at="2025-09-08T14:34:51 IST" duration-ms="11062" status="PASS">
          <reporter-output>
          </reporter-output>
        </test-method> <!-- trigger -->
        <test-method signature="getMessageOfTerms()[pri:0, instance:GreenKart.Tests.NegativeTest@60f00693]" started-at="2025-09-08T14:34:51 IST" name="getMessageOfTerms" finished-at="2025-09-08T14:35:24 IST" duration-ms="32838" status="PASS">
          <reporter-output>
          </reporter-output>
        </test-method> <!-- getMessageOfTerms -->
        <test-method is-config="true" signature="tearDown()[pri:0, instance:GreenKart.Tests.NegativeTest@60f00693]" started-at="2025-09-08T14:35:24 IST" name="tearDown" finished-at="2025-09-08T14:35:24 IST" duration-ms="395" status="PASS">
          <reporter-output>
          </reporter-output>
        </test-method> <!-- tearDown -->
        <test-method is-config="true" signature="trigger()[pri:0, instance:GreenKart.Tests.NegativeTest@60f00693]" started-at="2025-09-08T14:35:24 IST" name="trigger" finished-at="2025-09-08T14:35:49 IST" duration-ms="24557" status="PASS">
          <reporter-output>
          </reporter-output>
        </test-method> <!-- trigger -->
        <test-method signature="withInvalidCode()[pri:0, instance:GreenKart.Tests.NegativeTest@60f00693]" started-at="2025-09-08T14:35:49 IST" name="withInvalidCode" finished-at="2025-09-08T14:35:58 IST" duration-ms="9211" status="PASS">
          <reporter-output>
          </reporter-output>
        </test-method> <!-- withInvalidCode -->
        <test-method is-config="true" signature="tearDown()[pri:0, instance:GreenKart.Tests.NegativeTest@60f00693]" started-at="2025-09-08T14:35:58 IST" name="tearDown" finished-at="2025-09-08T14:35:58 IST" duration-ms="304" status="PASS">
          <reporter-output>
          </reporter-output>
        </test-method> <!-- tearDown -->
        <test-method is-config="true" signature="trigger()[pri:0, instance:GreenKart.Tests.NegativeTest@60f00693]" started-at="2025-09-08T14:35:58 IST" name="trigger" finished-at="2025-09-08T14:36:05 IST" duration-ms="7148" status="PASS">
          <reporter-output>
          </reporter-output>
        </test-method> <!-- trigger -->
        <test-method signature="wrongMsg()[pri:0, instance:GreenKart.Tests.NegativeTest@60f00693]" started-at="2025-09-08T14:36:05 IST" name="wrongMsg" finished-at="2025-09-08T14:36:29 IST" duration-ms="23820" status="PASS">
          <reporter-output>
          </reporter-output>
        </test-method> <!-- wrongMsg -->
        <test-method is-config="true" signature="tearDown()[pri:0, instance:GreenKart.Tests.NegativeTest@60f00693]" started-at="2025-09-08T14:36:29 IST" name="tearDown" finished-at="2025-09-08T14:36:29 IST" duration-ms="231" status="PASS">
          <reporter-output>
          </reporter-output>
        </test-method> <!-- tearDown -->
      </class> <!-- GreenKart.Tests.NegativeTest -->
    </test> <!-- Test -->
  </suite> <!-- smoke -->
</testng-results>
