<?xml version="1.0" encoding="UTF-8"?>
<testng-results ignored="0" total="5" passed="5" failed="0" skipped="0">
  <reporter-output>
  </reporter-output>
  <suite started-at="2025-09-10T00:45:40 IST" name="smoke" finished-at="2025-09-10T00:47:41 IST" duration-ms="121224">
    <groups>
      <group name="regression">
        <method signature="NegativeTest.wrongMsg()[pri:0, instance:GreenKart.Tests.NegativeTest@79c7532f]" name="wrongMsg" class="GreenKart.Tests.NegativeTest"/>
      </group> <!-- regression -->
    </groups>
    <test started-at="2025-09-10T00:45:40 IST" name="Test1" finished-at="2025-09-10T00:46:52 IST" duration-ms="72525">
      <class name="GreenKart.Tests.HomePageTest">
        <test-method is-config="true" signature="trigger()[pri:0, instance:GreenKart.Tests.HomePageTest@1f6c9cd8]" started-at="2025-09-10T00:45:40 IST" name="trigger" finished-at="2025-09-10T00:45:45 IST" duration-ms="5744" status="PASS">
          <reporter-output>
          </reporter-output>
        </test-method> <!-- trigger -->
        <test-method signature="addVegToCart()[pri:0, instance:GreenKart.Tests.HomePageTest@1f6c9cd8]" started-at="2025-09-10T00:45:45 IST" name="addVegToCart" finished-at="2025-09-10T00:46:35 IST" duration-ms="49621" status="PASS">
          <reporter-output>
          </reporter-output>
        </test-method> <!-- addVegToCart -->
        <test-method is-config="true" signature="tearDown()[pri:0, instance:GreenKart.Tests.HomePageTest@1f6c9cd8]" started-at="2025-09-10T00:46:35 IST" name="tearDown" finished-at="2025-09-10T00:46:36 IST" duration-ms="725" status="PASS">
          <reporter-output>
          </reporter-output>
        </test-method> <!-- tearDown -->
        <test-method is-config="true" signature="trigger()[pri:0, instance:GreenKart.Tests.HomePageTest@1f6c9cd8]" started-at="2025-09-10T00:46:36 IST" name="trigger" finished-at="2025-09-10T00:46:40 IST" duration-ms="4063" status="PASS">
          <reporter-output>
          </reporter-output>
        </test-method> <!-- trigger -->
        <test-method signature="withValidCode()[pri:0, instance:GreenKart.Tests.HomePageTest@1f6c9cd8]" started-at="2025-09-10T00:46:40 IST" name="withValidCode" finished-at="2025-09-10T00:46:51 IST" duration-ms="11382" status="PASS">
          <reporter-output>
          </reporter-output>
        </test-method> <!-- withValidCode -->
        <test-method is-config="true" signature="tearDown()[pri:0, instance:GreenKart.Tests.HomePageTest@1f6c9cd8]" started-at="2025-09-10T00:46:51 IST" name="tearDown" finished-at="2025-09-10T00:46:52 IST" duration-ms="909" status="PASS">
          <reporter-output>
          </reporter-output>
        </test-method> <!-- tearDown -->
      </class> <!-- GreenKart.Tests.HomePageTest -->
    </test> <!-- Test1 -->
    <test started-at="2025-09-10T00:45:40 IST" name="Test" finished-at="2025-09-10T00:47:41 IST" duration-ms="121224">
      <class name="GreenKart.Tests.NegativeTest">
        <test-method is-config="true" signature="trigger()[pri:0, instance:GreenKart.Tests.NegativeTest@79c7532f]" started-at="2025-09-10T00:45:40 IST" name="trigger" finished-at="2025-09-10T00:45:47 IST" duration-ms="7383" status="PASS">
          <reporter-output>
          </reporter-output>
        </test-method> <!-- trigger -->
        <test-method signature="getMessageOfTerms()[pri:0, instance:GreenKart.Tests.NegativeTest@79c7532f]" started-at="2025-09-10T00:45:47 IST" name="getMessageOfTerms" finished-at="2025-09-10T00:46:33 IST" duration-ms="45644" status="PASS">
          <reporter-output>
          </reporter-output>
        </test-method> <!-- getMessageOfTerms -->
        <test-method is-config="true" signature="tearDown()[pri:0, instance:GreenKart.Tests.NegativeTest@79c7532f]" started-at="2025-09-10T00:46:33 IST" name="tearDown" finished-at="2025-09-10T00:46:34 IST" duration-ms="1292" status="PASS">
          <reporter-output>
          </reporter-output>
        </test-method> <!-- tearDown -->
        <test-method is-config="true" signature="trigger()[pri:0, instance:GreenKart.Tests.NegativeTest@79c7532f]" started-at="2025-09-10T00:46:34 IST" name="trigger" finished-at="2025-09-10T00:46:38 IST" duration-ms="3927" status="PASS">
          <reporter-output>
          </reporter-output>
        </test-method> <!-- trigger -->
        <test-method signature="withInvalidCode()[pri:0, instance:GreenKart.Tests.NegativeTest@79c7532f]" started-at="2025-09-10T00:46:38 IST" name="withInvalidCode" finished-at="2025-09-10T00:46:50 IST" duration-ms="11648" status="PASS">
          <reporter-output>
          </reporter-output>
        </test-method> <!-- withInvalidCode -->
        <test-method is-config="true" signature="tearDown()[pri:0, instance:GreenKart.Tests.NegativeTest@79c7532f]" started-at="2025-09-10T00:46:50 IST" name="tearDown" finished-at="2025-09-10T00:46:51 IST" duration-ms="1003" status="PASS">
          <reporter-output>
          </reporter-output>
        </test-method> <!-- tearDown -->
        <test-method is-config="true" signature="trigger()[pri:0, instance:GreenKart.Tests.NegativeTest@79c7532f]" started-at="2025-09-10T00:46:51 IST" name="trigger" finished-at="2025-09-10T00:46:54 IST" duration-ms="3354" status="PASS">
          <reporter-output>
          </reporter-output>
        </test-method> <!-- trigger -->
        <test-method signature="wrongMsg()[pri:0, instance:GreenKart.Tests.NegativeTest@79c7532f]" started-at="2025-09-10T00:46:54 IST" name="wrongMsg" finished-at="2025-09-10T00:47:40 IST" duration-ms="45815" status="PASS">
          <reporter-output>
          </reporter-output>
        </test-method> <!-- wrongMsg -->
        <test-method is-config="true" signature="tearDown()[pri:0, instance:GreenKart.Tests.NegativeTest@79c7532f]" started-at="2025-09-10T00:47:40 IST" name="tearDown" finished-at="2025-09-10T00:47:41 IST" duration-ms="893" status="PASS">
          <reporter-output>
          </reporter-output>
        </test-method> <!-- tearDown -->
      </class> <!-- GreenKart.Tests.NegativeTest -->
    </test> <!-- Test -->
  </suite> <!-- smoke -->
</testng-results>
