<?xml version="1.0" encoding="UTF-8"?>
<!-- Generated by org.testng.reporters.JUnitXMLReporter -->
<testsuite ignored="0" hostname="sanjana43" failures="0" tests="3" name="Test" time="121.224" errors="0" timestamp="2025-09-10T00:47:41 IST">
  <testcase classname="GreenKart.Tests.NegativeTest" name="getMessageOfTerms" time="45.644"/>
  <testcase classname="GreenKart.Tests.NegativeTest" name="withInvalidCode" time="11.648"/>
  <testcase classname="GreenKart.Tests.NegativeTest" name="wrongMsg" time="45.815"/>
</testsuite> <!-- Test -->
